<?xml version="1.0" encoding="UTF-8"?>
<coverage generated="1681732920384" clover="3.2.0">
  <project timestamp="1681732920384" name="All files">
    <metrics statements="68" coveredstatements="46" conditionals="49" coveredconditionals="28" methods="15" coveredmethods="11" elements="132" coveredelements="85" complexity="0" loc="68" ncloc="68" packages="2" files="6" classes="6"/>
    <package name="src">
      <metrics statements="22" coveredstatements="21" conditionals="21" coveredconditionals="19" methods="4" coveredmethods="4"/>
      <file name="difFunc.js" path="/mnt/c/Users/pvs01/Desktop/r/frontend-project-46/src/difFunc.js">
        <metrics statements="14" coveredstatements="14" conditionals="16" coveredconditionals="15" methods="2" coveredmethods="2"/>
        <line num="3" count="1" type="stmt"/>
        <line num="4" count="15" type="stmt"/>
        <line num="5" count="15" type="stmt"/>
        <line num="6" count="54" type="cond" truecount="4" falsecount="0"/>
        <line num="7" count="12" type="stmt"/>
        <line num="10" count="42" type="cond" truecount="4" falsecount="0"/>
        <line num="11" count="6" type="stmt"/>
        <line num="18" count="36" type="cond" truecount="4" falsecount="0"/>
        <line num="19" count="15" type="stmt"/>
        <line num="26" count="21" type="cond" truecount="2" falsecount="0"/>
        <line num="27" count="12" type="stmt"/>
        <line num="35" count="9" type="cond" truecount="1" falsecount="1"/>
        <line num="36" count="9" type="stmt"/>
        <line num="43" count="15" type="stmt"/>
      </file>
      <file name="index.js" path="/mnt/c/Users/pvs01/Desktop/r/frontend-project-46/src/index.js">
        <metrics statements="4" coveredstatements="4" conditionals="1" coveredconditionals="1" methods="1" coveredmethods="1"/>
        <line num="8" count="1" type="cond" truecount="1" falsecount="0"/>
        <line num="9" count="3" type="stmt"/>
        <line num="10" count="3" type="stmt"/>
        <line num="11" count="3" type="stmt"/>
      </file>
      <file name="parser.js" path="/mnt/c/Users/pvs01/Desktop/r/frontend-project-46/src/parser.js">
        <metrics statements="4" coveredstatements="3" conditionals="4" coveredconditionals="3" methods="1" coveredmethods="1"/>
        <line num="4" count="6" type="cond" truecount="3" falsecount="1"/>
        <line num="6" count="2" type="stmt"/>
        <line num="9" count="4" type="stmt"/>
        <line num="11" count="0" type="stmt"/>
      </file>
    </package>
    <package name="src.formattersFiles">
      <metrics statements="46" coveredstatements="25" conditionals="28" coveredconditionals="9" methods="11" coveredmethods="7"/>
      <file name="index.js" path="/mnt/c/Users/pvs01/Desktop/r/frontend-project-46/src/formattersFiles/index.js">
        <metrics statements="6" coveredstatements="3" conditionals="4" coveredconditionals="1" methods="1" coveredmethods="1"/>
        <line num="4" count="1" type="stmt"/>
        <line num="5" count="3" type="cond" truecount="1" falsecount="3"/>
        <line num="7" count="3" type="stmt"/>
        <line num="9" count="0" type="stmt"/>
        <line num="11" count="0" type="stmt"/>
        <line num="13" count="0" type="stmt"/>
      </file>
      <file name="plain.js" path="/mnt/c/Users/pvs01/Desktop/r/frontend-project-46/src/formattersFiles/plain.js">
        <metrics statements="19" coveredstatements="2" conditionals="15" coveredconditionals="0" methods="4" coveredmethods="0"/>
        <line num="1" count="1" type="stmt"/>
        <line num="2" count="0" type="cond" truecount="0" falsecount="2"/>
        <line num="3" count="0" type="stmt"/>
        <line num="5" count="0" type="cond" truecount="0" falsecount="4"/>
        <line num="6" count="0" type="stmt"/>
        <line num="8" count="0" type="stmt"/>
        <line num="11" count="1" type="stmt"/>
        <line num="12" count="0" type="cond" truecount="0" falsecount="1"/>
        <line num="13" count="0" type="stmt"/>
        <line num="14" count="0" type="cond" truecount="0" falsecount="2"/>
        <line num="16" count="0" type="cond" truecount="0" falsecount="6"/>
        <line num="18" count="0" type="stmt"/>
        <line num="20" count="0" type="stmt"/>
        <line num="22" count="0" type="stmt"/>
        <line num="24" count="0" type="stmt"/>
        <line num="26" count="0" type="stmt"/>
        <line num="28" count="0" type="stmt"/>
        <line num="32" count="0" type="stmt"/>
        <line num="34" count="0" type="stmt"/>
      </file>
      <file name="stylish.js" path="/mnt/c/Users/pvs01/Desktop/r/frontend-project-46/src/formattersFiles/stylish.js">
        <metrics statements="21" coveredstatements="20" conditionals="9" coveredconditionals="8" methods="6" coveredmethods="6"/>
        <line num="3" count="1" type="stmt"/>
        <line num="4" count="1" type="stmt"/>
        <line num="5" count="1" type="stmt"/>
        <line num="7" count="126" type="stmt"/>
        <line num="9" count="1" type="stmt"/>
        <line num="10" count="81" type="cond" truecount="2" falsecount="0"/>
        <line num="11" count="60" type="stmt"/>
        <line num="13" count="21" type="stmt"/>
        <line num="15" count="27" type="stmt"/>
        <line num="16" count="21" type="stmt"/>
        <line num="19" count="1" type="cond" truecount="1" falsecount="0"/>
        <line num="20" count="15" type="stmt"/>
        <line num="24" count="54" type="cond" truecount="5" falsecount="1"/>
        <line num="26" count="12" type="stmt"/>
        <line num="28" count="15" type="stmt"/>
        <line num="30" count="6" type="stmt"/>
        <line num="32" count="9" type="stmt"/>
        <line num="34" count="12" type="stmt"/>
        <line num="39" count="0" type="stmt"/>
        <line num="43" count="15" type="stmt"/>
        <line num="46" count="3" type="stmt"/>
      </file>
    </package>
  </project>
</coverage>
