{"/mnt/c/Users/pvs01/Desktop/r/frontend-project-46/src/difFunc.js": {"path":"/mnt/c/Users/pvs01/Desktop/r/frontend-project-46/src/difFunc.js","statementMap":{"0":{"start":{"line":3,"column":17},"end":{"line":44,"column":1}},"1":{"start":{"line":4,"column":15},"end":{"line":4,"column":72}},"2":{"start":{"line":5,"column":15},"end":{"line":42,"column":4}},"3":{"start":{"line":6,"column":4},"end":{"line":8,"column":5}},"4":{"start":{"line":7,"column":6},"end":{"line":7,"column":78}},"5":{"start":{"line":10,"column":4},"end":{"line":16,"column":5}},"6":{"start":{"line":11,"column":6},"end":{"line":15,"column":8}},"7":{"start":{"line":18,"column":4},"end":{"line":24,"column":5}},"8":{"start":{"line":19,"column":6},"end":{"line":23,"column":8}},"9":{"start":{"line":26,"column":4},"end":{"line":33,"column":5}},"10":{"start":{"line":27,"column":6},"end":{"line":32,"column":8}},"11":{"start":{"line":35,"column":4},"end":{"line":41,"column":5}},"12":{"start":{"line":36,"column":6},"end":{"line":40,"column":8}},"13":{"start":{"line":43,"column":2},"end":{"line":43,"column":14}}},"fnMap":{"0":{"name":"(anonymous_0)","decl":{"start":{"line":3,"column":17},"end":{"line":3,"column":18}},"loc":{"start":{"line":3,"column":35},"end":{"line":44,"column":1}},"line":3},"1":{"name":"(anonymous_1)","decl":{"start":{"line":5,"column":24},"end":{"line":5,"column":25}},"loc":{"start":{"line":5,"column":33},"end":{"line":42,"column":3}},"line":5}},"branchMap":{"0":{"loc":{"start":{"line":6,"column":4},"end":{"line":8,"column":5}},"type":"if","locations":[{"start":{"line":6,"column":4},"end":{"line":8,"column":5}},{"start":{},"end":{}}],"line":6},"1":{"loc":{"start":{"line":6,"column":8},"end":{"line":6,"column":66}},"type":"binary-expr","locations":[{"start":{"line":6,"column":8},"end":{"line":6,"column":35}},{"start":{"line":6,"column":39},"end":{"line":6,"column":66}}],"line":6},"2":{"loc":{"start":{"line":10,"column":4},"end":{"line":16,"column":5}},"type":"if","locations":[{"start":{"line":10,"column":4},"end":{"line":16,"column":5}},{"start":{},"end":{}}],"line":10},"3":{"loc":{"start":{"line":10,"column":8},"end":{"line":10,"column":63}},"type":"binary-expr","locations":[{"start":{"line":10,"column":8},"end":{"line":10,"column":33}},{"start":{"line":10,"column":37},"end":{"line":10,"column":63}}],"line":10},"4":{"loc":{"start":{"line":18,"column":4},"end":{"line":24,"column":5}},"type":"if","locations":[{"start":{"line":18,"column":4},"end":{"line":24,"column":5}},{"start":{},"end":{}}],"line":18},"5":{"loc":{"start":{"line":18,"column":8},"end":{"line":18,"column":63}},"type":"binary-expr","locations":[{"start":{"line":18,"column":8},"end":{"line":18,"column":34}},{"start":{"line":18,"column":38},"end":{"line":18,"column":63}}],"line":18},"6":{"loc":{"start":{"line":26,"column":4},"end":{"line":33,"column":5}},"type":"if","locations":[{"start":{"line":26,"column":4},"end":{"line":33,"column":5}},{"start":{},"end":{}}],"line":26},"7":{"loc":{"start":{"line":35,"column":4},"end":{"line":41,"column":5}},"type":"if","locations":[{"start":{"line":35,"column":4},"end":{"line":41,"column":5}},{"start":{},"end":{}}],"line":35}},"s":{"0":1,"1":15,"2":15,"3":54,"4":12,"5":42,"6":6,"7":36,"8":15,"9":21,"10":12,"11":9,"12":9,"13":15},"f":{"0":15,"1":54},"b":{"0":[12,42],"1":[54,18],"2":[6,36],"3":[42,27],"4":[15,21],"5":[36,15],"6":[12,9],"7":[9,0]},"_coverageSchema":"1a1c01bbd47fc00a2c39e90264f33305004495a9","hash":"8042e64ba40dbb876098560e8f54010ebdb99569"}
,"/mnt/c/Users/pvs01/Desktop/r/frontend-project-46/src/index.js": {"path":"/mnt/c/Users/pvs01/Desktop/r/frontend-project-46/src/index.js","statementMap":{"0":{"start":{"line":8,"column":16},"end":{"line":12,"column":1}},"1":{"start":{"line":9,"column":15},"end":{"line":9,"column":117}},"2":{"start":{"line":10,"column":15},"end":{"line":10,"column":117}},"3":{"start":{"line":11,"column":2},"end":{"line":11,"column":54}}},"fnMap":{"0":{"name":"(anonymous_0)","decl":{"start":{"line":8,"column":16},"end":{"line":8,"column":17}},"loc":{"start":{"line":8,"column":62},"end":{"line":12,"column":1}},"line":8}},"branchMap":{"0":{"loc":{"start":{"line":8,"column":39},"end":{"line":8,"column":57}},"type":"default-arg","locations":[{"start":{"line":8,"column":48},"end":{"line":8,"column":57}}],"line":8}},"s":{"0":1,"1":3,"2":3,"3":3},"f":{"0":3},"b":{"0":[3]},"_coverageSchema":"1a1c01bbd47fc00a2c39e90264f33305004495a9","hash":"4567bc96506876e02578af628de7130c45e72d19"}
,"/mnt/c/Users/pvs01/Desktop/r/frontend-project-46/src/parser.js": {"path":"/mnt/c/Users/pvs01/Desktop/r/frontend-project-46/src/parser.js","statementMap":{"0":{"start":{"line":4,"column":2},"end":{"line":12,"column":3}},"1":{"start":{"line":6,"column":6},"end":{"line":6,"column":30}},"2":{"start":{"line":9,"column":6},"end":{"line":9,"column":29}},"3":{"start":{"line":11,"column":6},"end":{"line":11,"column":59}}},"fnMap":{"0":{"name":"(anonymous_0)","decl":{"start":{"line":3,"column":15},"end":{"line":3,"column":16}},"loc":{"start":{"line":3,"column":33},"end":{"line":13,"column":1}},"line":3}},"branchMap":{"0":{"loc":{"start":{"line":4,"column":2},"end":{"line":12,"column":3}},"type":"switch","locations":[{"start":{"line":5,"column":4},"end":{"line":6,"column":30}},{"start":{"line":7,"column":4},"end":{"line":7,"column":15}},{"start":{"line":8,"column":4},"end":{"line":9,"column":29}},{"start":{"line":10,"column":4},"end":{"line":11,"column":59}}],"line":4}},"s":{"0":6,"1":2,"2":4,"3":0},"f":{"0":6},"b":{"0":[2,4,4,0]},"_coverageSchema":"1a1c01bbd47fc00a2c39e90264f33305004495a9","hash":"fdbcd985fbd3c69cc9d1e9f927d15110f2e325d8"}
,"/mnt/c/Users/pvs01/Desktop/r/frontend-project-46/src/formattersFiles/index.js": {"path":"/mnt/c/Users/pvs01/Desktop/r/frontend-project-46/src/formattersFiles/index.js","statementMap":{"0":{"start":{"line":4,"column":23},"end":{"line":15,"column":1}},"1":{"start":{"line":5,"column":2},"end":{"line":14,"column":3}},"2":{"start":{"line":7,"column":6},"end":{"line":7,"column":27}},"3":{"start":{"line":9,"column":6},"end":{"line":9,"column":25}},"4":{"start":{"line":11,"column":6},"end":{"line":11,"column":34}},"5":{"start":{"line":13,"column":6},"end":{"line":13,"column":59}}},"fnMap":{"0":{"name":"(anonymous_0)","decl":{"start":{"line":4,"column":23},"end":{"line":4,"column":24}},"loc":{"start":{"line":4,"column":41},"end":{"line":15,"column":1}},"line":4}},"branchMap":{"0":{"loc":{"start":{"line":5,"column":2},"end":{"line":14,"column":3}},"type":"switch","locations":[{"start":{"line":6,"column":4},"end":{"line":7,"column":27}},{"start":{"line":8,"column":4},"end":{"line":9,"column":25}},{"start":{"line":10,"column":4},"end":{"line":11,"column":34}},{"start":{"line":12,"column":4},"end":{"line":13,"column":59}}],"line":5}},"s":{"0":1,"1":3,"2":3,"3":0,"4":0,"5":0},"f":{"0":3},"b":{"0":[3,0,0,0]},"_coverageSchema":"1a1c01bbd47fc00a2c39e90264f33305004495a9","hash":"c291118bb8e04aae4195409f4fd177a6adc6d3f7"}
,"/mnt/c/Users/pvs01/Desktop/r/frontend-project-46/src/formattersFiles/plain.js": {"path":"/mnt/c/Users/pvs01/Desktop/r/frontend-project-46/src/formattersFiles/plain.js","statementMap":{"0":{"start":{"line":1,"column":18},"end":{"line":9,"column":1}},"1":{"start":{"line":2,"column":2},"end":{"line":4,"column":3}},"2":{"start":{"line":3,"column":4},"end":{"line":3,"column":24}},"3":{"start":{"line":5,"column":2},"end":{"line":7,"column":3}},"4":{"start":{"line":6,"column":4},"end":{"line":6,"column":29}},"5":{"start":{"line":8,"column":2},"end":{"line":8,"column":15}},"6":{"start":{"line":11,"column":20},"end":{"line":35,"column":1}},"7":{"start":{"line":12,"column":28},"end":{"line":33,"column":3}},"8":{"start":{"line":13,"column":18},"end":{"line":30,"column":6}},"9":{"start":{"line":14,"column":22},"end":{"line":14,"column":73}},"10":{"start":{"line":16,"column":6},"end":{"line":29,"column":7}},"11":{"start":{"line":18,"column":10},"end":{"line":18,"column":56}},"12":{"start":{"line":20,"column":10},"end":{"line":20,"column":88}},"13":{"start":{"line":22,"column":10},"end":{"line":22,"column":53}},"14":{"start":{"line":24,"column":10},"end":{"line":24,"column":114}},"15":{"start":{"line":26,"column":10},"end":{"line":26,"column":22}},"16":{"start":{"line":28,"column":10},"end":{"line":28,"column":64}},"17":{"start":{"line":32,"column":4},"end":{"line":32,"column":44}},"18":{"start":{"line":34,"column":2},"end":{"line":34,"column":33}}},"fnMap":{"0":{"name":"(anonymous_0)","decl":{"start":{"line":1,"column":18},"end":{"line":1,"column":19}},"loc":{"start":{"line":1,"column":29},"end":{"line":9,"column":1}},"line":1},"1":{"name":"(anonymous_1)","decl":{"start":{"line":11,"column":20},"end":{"line":11,"column":21}},"loc":{"start":{"line":11,"column":30},"end":{"line":35,"column":1}},"line":11},"2":{"name":"(anonymous_2)","decl":{"start":{"line":12,"column":28},"end":{"line":12,"column":29}},"loc":{"start":{"line":12,"column":49},"end":{"line":33,"column":3}},"line":12},"3":{"name":"(anonymous_3)","decl":{"start":{"line":13,"column":27},"end":{"line":13,"column":28}},"loc":{"start":{"line":13,"column":37},"end":{"line":30,"column":5}},"line":13}},"branchMap":{"0":{"loc":{"start":{"line":2,"column":2},"end":{"line":4,"column":3}},"type":"if","locations":[{"start":{"line":2,"column":2},"end":{"line":4,"column":3}},{"start":{},"end":{}}],"line":2},"1":{"loc":{"start":{"line":5,"column":2},"end":{"line":7,"column":3}},"type":"if","locations":[{"start":{"line":5,"column":2},"end":{"line":7,"column":3}},{"start":{},"end":{}}],"line":5},"2":{"loc":{"start":{"line":5,"column":6},"end":{"line":5,"column":49}},"type":"binary-expr","locations":[{"start":{"line":5,"column":6},"end":{"line":5,"column":31}},{"start":{"line":5,"column":35},"end":{"line":5,"column":49}}],"line":5},"3":{"loc":{"start":{"line":12,"column":35},"end":{"line":12,"column":44}},"type":"default-arg","locations":[{"start":{"line":12,"column":42},"end":{"line":12,"column":44}}],"line":12},"4":{"loc":{"start":{"line":14,"column":22},"end":{"line":14,"column":73}},"type":"cond-expr","locations":[{"start":{"line":14,"column":36},"end":{"line":14,"column":49}},{"start":{"line":14,"column":52},"end":{"line":14,"column":73}}],"line":14},"5":{"loc":{"start":{"line":16,"column":6},"end":{"line":29,"column":7}},"type":"switch","locations":[{"start":{"line":17,"column":8},"end":{"line":18,"column":56}},{"start":{"line":19,"column":8},"end":{"line":20,"column":88}},{"start":{"line":21,"column":8},"end":{"line":22,"column":53}},{"start":{"line":23,"column":8},"end":{"line":24,"column":114}},{"start":{"line":25,"column":8},"end":{"line":26,"column":22}},{"start":{"line":27,"column":8},"end":{"line":28,"column":64}}],"line":16}},"s":{"0":1,"1":0,"2":0,"3":0,"4":0,"5":0,"6":1,"7":0,"8":0,"9":0,"10":0,"11":0,"12":0,"13":0,"14":0,"15":0,"16":0,"17":0,"18":0},"f":{"0":0,"1":0,"2":0,"3":0},"b":{"0":[0,0],"1":[0,0],"2":[0,0],"3":[0],"4":[0,0],"5":[0,0,0,0,0,0]},"_coverageSchema":"1a1c01bbd47fc00a2c39e90264f33305004495a9","hash":"4fa35a947b0949c65347d01520437f97fb5995b2"}
,"/mnt/c/Users/pvs01/Desktop/r/frontend-project-46/src/formattersFiles/stylish.js": {"path":"/mnt/c/Users/pvs01/Desktop/r/frontend-project-46/src/formattersFiles/stylish.js","statementMap":{"0":{"start":{"line":3,"column":19},"end":{"line":3,"column":20}},"1":{"start":{"line":4,"column":17},"end":{"line":4,"column":20}},"2":{"start":{"line":5,"column":21},"end":{"line":5,"column":25}},"3":{"start":{"line":7,"column":18},"end":{"line":7,"column":68}},"4":{"start":{"line":7,"column":29},"end":{"line":7,"column":68}},"5":{"start":{"line":9,"column":18},"end":{"line":17,"column":1}},"6":{"start":{"line":10,"column":2},"end":{"line":12,"column":3}},"7":{"start":{"line":11,"column":4},"end":{"line":11,"column":24}},"8":{"start":{"line":13,"column":16},"end":{"line":15,"column":91}},"9":{"start":{"line":15,"column":25},"end":{"line":15,"column":90}},"10":{"start":{"line":16,"column":2},"end":{"line":16,"column":71}},"11":{"start":{"line":19,"column":22},"end":{"line":44,"column":1}},"12":{"start":{"line":20,"column":16},"end":{"line":42,"column":3}},"13":{"start":{"line":24,"column":6},"end":{"line":40,"column":7}},"14":{"start":{"line":26,"column":10},"end":{"line":26,"column":134}},"15":{"start":{"line":28,"column":10},"end":{"line":28,"column":75}},"16":{"start":{"line":30,"column":10},"end":{"line":30,"column":75}},"17":{"start":{"line":32,"column":10},"end":{"line":32,"column":75}},"18":{"start":{"line":34,"column":10},"end":{"line":37,"column":12}},"19":{"start":{"line":39,"column":10},"end":{"line":39,"column":59}},"20":{"start":{"line":43,"column":2},"end":{"line":43,"column":15}},"21":{"start":{"line":46,"column":25},"end":{"line":46,"column":66}}},"fnMap":{"0":{"name":"(anonymous_0)","decl":{"start":{"line":7,"column":18},"end":{"line":7,"column":19}},"loc":{"start":{"line":7,"column":29},"end":{"line":7,"column":68}},"line":7},"1":{"name":"(anonymous_1)","decl":{"start":{"line":9,"column":18},"end":{"line":9,"column":19}},"loc":{"start":{"line":9,"column":35},"end":{"line":17,"column":1}},"line":9},"2":{"name":"(anonymous_2)","decl":{"start":{"line":15,"column":9},"end":{"line":15,"column":10}},"loc":{"start":{"line":15,"column":25},"end":{"line":15,"column":90}},"line":15},"3":{"name":"(anonymous_3)","decl":{"start":{"line":19,"column":22},"end":{"line":19,"column":23}},"loc":{"start":{"line":19,"column":43},"end":{"line":44,"column":1}},"line":19},"4":{"name":"(anonymous_4)","decl":{"start":{"line":21,"column":4},"end":{"line":21,"column":5}},"loc":{"start":{"line":23,"column":10},"end":{"line":41,"column":5}},"line":23},"5":{"name":"(anonymous_5)","decl":{"start":{"line":46,"column":15},"end":{"line":46,"column":16}},"loc":{"start":{"line":46,"column":25},"end":{"line":46,"column":66}},"line":46}},"branchMap":{"0":{"loc":{"start":{"line":10,"column":2},"end":{"line":12,"column":3}},"type":"if","locations":[{"start":{"line":10,"column":2},"end":{"line":12,"column":3}},{"start":{},"end":{}}],"line":10},"1":{"loc":{"start":{"line":19,"column":29},"end":{"line":19,"column":38}},"type":"default-arg","locations":[{"start":{"line":19,"column":37},"end":{"line":19,"column":38}}],"line":19},"2":{"loc":{"start":{"line":24,"column":6},"end":{"line":40,"column":7}},"type":"switch","locations":[{"start":{"line":25,"column":8},"end":{"line":26,"column":134}},{"start":{"line":27,"column":8},"end":{"line":28,"column":75}},{"start":{"line":29,"column":8},"end":{"line":30,"column":75}},{"start":{"line":31,"column":8},"end":{"line":32,"column":75}},{"start":{"line":33,"column":8},"end":{"line":37,"column":12}},{"start":{"line":38,"column":8},"end":{"line":39,"column":59}}],"line":24}},"s":{"0":1,"1":1,"2":1,"3":1,"4":126,"5":1,"6":81,"7":60,"8":21,"9":27,"10":21,"11":1,"12":15,"13":54,"14":12,"15":15,"16":6,"17":9,"18":12,"19":0,"20":15,"21":3},"f":{"0":126,"1":81,"2":27,"3":15,"4":54,"5":3},"b":{"0":[60,21],"1":[3],"2":[12,15,6,9,12,0]},"_coverageSchema":"1a1c01bbd47fc00a2c39e90264f33305004495a9","hash":"97fef3482e3d05612565af9116fe873f75dfa35d"}
}
