{"/mnt/c/Users/pvs01/Desktop/r/frontend-project-46/src/buildDiffTree.js": {"path":"/mnt/c/Users/pvs01/Desktop/r/frontend-project-46/src/buildDiffTree.js","all":false,"statementMap":{"0":{"start":{"line":1,"column":0},"end":{"line":1,"column":23}},"1":{"start":{"line":2,"column":0},"end":{"line":2,"column":0}},"2":{"start":{"line":3,"column":0},"end":{"line":3,"column":41}},"3":{"start":{"line":4,"column":0},"end":{"line":4,"column":73}},"4":{"start":{"line":5,"column":0},"end":{"line":5,"column":34}},"5":{"start":{"line":6,"column":0},"end":{"line":6,"column":19}},"6":{"start":{"line":7,"column":0},"end":{"line":7,"column":70}},"7":{"start":{"line":8,"column":0},"end":{"line":8,"column":85}},"8":{"start":{"line":9,"column":0},"end":{"line":9,"column":38}},"9":{"start":{"line":10,"column":0},"end":{"line":10,"column":16}},"10":{"start":{"line":11,"column":0},"end":{"line":11,"column":26}},"11":{"start":{"line":12,"column":0},"end":{"line":12,"column":14}},"12":{"start":{"line":13,"column":0},"end":{"line":13,"column":28}},"13":{"start":{"line":14,"column":0},"end":{"line":14,"column":10}},"14":{"start":{"line":15,"column":0},"end":{"line":15,"column":38}},"15":{"start":{"line":16,"column":0},"end":{"line":16,"column":16}},"16":{"start":{"line":17,"column":0},"end":{"line":17,"column":24}},"17":{"start":{"line":18,"column":0},"end":{"line":18,"column":14}},"18":{"start":{"line":19,"column":0},"end":{"line":19,"column":28}},"19":{"start":{"line":20,"column":0},"end":{"line":20,"column":10}},"20":{"start":{"line":21,"column":0},"end":{"line":21,"column":37}},"21":{"start":{"line":22,"column":0},"end":{"line":22,"column":16}},"22":{"start":{"line":23,"column":0},"end":{"line":23,"column":26}},"23":{"start":{"line":24,"column":0},"end":{"line":24,"column":14}},"24":{"start":{"line":25,"column":0},"end":{"line":25,"column":29}},"25":{"start":{"line":26,"column":0},"end":{"line":26,"column":29}},"26":{"start":{"line":27,"column":0},"end":{"line":27,"column":10}},"27":{"start":{"line":28,"column":0},"end":{"line":28,"column":37}},"28":{"start":{"line":29,"column":0},"end":{"line":29,"column":16}},"29":{"start":{"line":30,"column":0},"end":{"line":30,"column":28}},"30":{"start":{"line":31,"column":0},"end":{"line":31,"column":14}},"31":{"start":{"line":32,"column":0},"end":{"line":32,"column":28}},"32":{"start":{"line":33,"column":0},"end":{"line":33,"column":10}},"33":{"start":{"line":34,"column":0},"end":{"line":34,"column":14}},"34":{"start":{"line":35,"column":0},"end":{"line":35,"column":47}},"35":{"start":{"line":36,"column":0},"end":{"line":36,"column":5}},"36":{"start":{"line":37,"column":0},"end":{"line":37,"column":5}},"37":{"start":{"line":38,"column":0},"end":{"line":38,"column":14}},"38":{"start":{"line":39,"column":0},"end":{"line":39,"column":2}},"39":{"start":{"line":40,"column":0},"end":{"line":40,"column":0}},"40":{"start":{"line":41,"column":0},"end":{"line":41,"column":29}}},"s":{"0":1,"1":1,"2":1,"3":35,"4":35,"5":126,"6":126,"7":28,"8":126,"9":14,"10":14,"11":14,"12":14,"13":14,"14":126,"15":35,"16":35,"17":35,"18":35,"19":35,"20":126,"21":28,"22":28,"23":28,"24":28,"25":28,"26":28,"27":126,"28":21,"29":21,"30":21,"31":21,"32":21,"33":126,"34":0,"35":126,"36":35,"37":35,"38":35,"39":1,"40":1},"branchMap":{"0":{"type":"branch","line":3,"loc":{"start":{"line":3,"column":22},"end":{"line":39,"column":2}},"locations":[{"start":{"line":3,"column":22},"end":{"line":39,"column":2}}]},"1":{"type":"branch","line":5,"loc":{"start":{"line":5,"column":25},"end":{"line":37,"column":3}},"locations":[{"start":{"line":5,"column":25},"end":{"line":37,"column":3}}]},"2":{"type":"branch","line":7,"loc":{"start":{"line":7,"column":6},"end":{"line":8,"column":85}},"locations":[{"start":{"line":7,"column":6},"end":{"line":8,"column":85}}]},"3":{"type":"branch","line":7,"loc":{"start":{"line":7,"column":38},"end":{"line":7,"column":69}},"locations":[{"start":{"line":7,"column":38},"end":{"line":7,"column":69}}]},"4":{"type":"branch","line":9,"loc":{"start":{"line":9,"column":6},"end":{"line":14,"column":10}},"locations":[{"start":{"line":9,"column":6},"end":{"line":14,"column":10}}]},"5":{"type":"branch","line":15,"loc":{"start":{"line":15,"column":6},"end":{"line":20,"column":10}},"locations":[{"start":{"line":15,"column":6},"end":{"line":20,"column":10}}]},"6":{"type":"branch","line":21,"loc":{"start":{"line":21,"column":6},"end":{"line":27,"column":10}},"locations":[{"start":{"line":21,"column":6},"end":{"line":27,"column":10}}]},"7":{"type":"branch","line":28,"loc":{"start":{"line":28,"column":6},"end":{"line":33,"column":10}},"locations":[{"start":{"line":28,"column":6},"end":{"line":33,"column":10}}]},"8":{"type":"branch","line":34,"loc":{"start":{"line":34,"column":6},"end":{"line":35,"column":47}},"locations":[{"start":{"line":34,"column":6},"end":{"line":35,"column":47}}]}},"b":{"0":[35],"1":[126],"2":[28],"3":[42],"4":[14],"5":[35],"6":[28],"7":[21],"8":[0]},"fnMap":{"0":{"name":"buildDiffTree","decl":{"start":{"line":3,"column":22},"end":{"line":39,"column":2}},"loc":{"start":{"line":3,"column":22},"end":{"line":39,"column":2}},"line":3}},"f":{"0":35}}
,"/mnt/c/Users/pvs01/Desktop/r/frontend-project-46/src/index.js": {"path":"/mnt/c/Users/pvs01/Desktop/r/frontend-project-46/src/index.js","all":false,"statementMap":{"0":{"start":{"line":1,"column":0},"end":{"line":1,"column":30}},"1":{"start":{"line":2,"column":0},"end":{"line":2,"column":29}},"2":{"start":{"line":3,"column":0},"end":{"line":3,"column":30}},"3":{"start":{"line":4,"column":0},"end":{"line":4,"column":33}},"4":{"start":{"line":5,"column":0},"end":{"line":5,"column":56}},"5":{"start":{"line":6,"column":0},"end":{"line":6,"column":47}},"6":{"start":{"line":7,"column":0},"end":{"line":7,"column":0}},"7":{"start":{"line":8,"column":0},"end":{"line":8,"column":63}},"8":{"start":{"line":9,"column":0},"end":{"line":9,"column":118}},"9":{"start":{"line":10,"column":0},"end":{"line":10,"column":118}},"10":{"start":{"line":11,"column":0},"end":{"line":11,"column":59}},"11":{"start":{"line":12,"column":0},"end":{"line":12,"column":2}},"12":{"start":{"line":13,"column":0},"end":{"line":13,"column":0}},"13":{"start":{"line":14,"column":0},"end":{"line":14,"column":23}}},"s":{"0":1,"1":1,"2":1,"3":1,"4":1,"5":1,"6":1,"7":1,"8":7,"9":7,"10":7,"11":7,"12":1,"13":1},"branchMap":{"0":{"type":"branch","line":8,"loc":{"start":{"line":8,"column":16},"end":{"line":12,"column":2}},"locations":[{"start":{"line":8,"column":16},"end":{"line":12,"column":2}}]}},"b":{"0":[7]},"fnMap":{"0":{"name":"genDiff","decl":{"start":{"line":8,"column":16},"end":{"line":12,"column":2}},"loc":{"start":{"line":8,"column":16},"end":{"line":12,"column":2}},"line":8}},"f":{"0":7}}
,"/mnt/c/Users/pvs01/Desktop/r/frontend-project-46/src/parser.js": {"path":"/mnt/c/Users/pvs01/Desktop/r/frontend-project-46/src/parser.js","all":false,"statementMap":{"0":{"start":{"line":1,"column":0},"end":{"line":1,"column":27}},"1":{"start":{"line":2,"column":0},"end":{"line":2,"column":0}},"2":{"start":{"line":3,"column":0},"end":{"line":3,"column":34}},"3":{"start":{"line":4,"column":0},"end":{"line":4,"column":19}},"4":{"start":{"line":5,"column":0},"end":{"line":5,"column":16}},"5":{"start":{"line":6,"column":0},"end":{"line":6,"column":30}},"6":{"start":{"line":7,"column":0},"end":{"line":7,"column":15}},"7":{"start":{"line":8,"column":0},"end":{"line":8,"column":16}},"8":{"start":{"line":9,"column":0},"end":{"line":9,"column":29}},"9":{"start":{"line":10,"column":0},"end":{"line":10,"column":12}},"10":{"start":{"line":11,"column":0},"end":{"line":11,"column":59}},"11":{"start":{"line":12,"column":0},"end":{"line":12,"column":3}},"12":{"start":{"line":13,"column":0},"end":{"line":13,"column":2}}},"s":{"0":1,"1":1,"2":1,"3":14,"4":14,"5":8,"6":14,"7":14,"8":6,"9":14,"10":0,"11":14,"12":14},"branchMap":{"0":{"type":"branch","line":3,"loc":{"start":{"line":3,"column":15},"end":{"line":13,"column":2}},"locations":[{"start":{"line":3,"column":15},"end":{"line":13,"column":2}}]},"1":{"type":"branch","line":5,"loc":{"start":{"line":5,"column":4},"end":{"line":6,"column":30}},"locations":[{"start":{"line":5,"column":4},"end":{"line":6,"column":30}}]},"2":{"type":"branch","line":7,"loc":{"start":{"line":7,"column":4},"end":{"line":7,"column":15}},"locations":[{"start":{"line":7,"column":4},"end":{"line":7,"column":15}}]},"3":{"type":"branch","line":8,"loc":{"start":{"line":8,"column":4},"end":{"line":9,"column":29}},"locations":[{"start":{"line":8,"column":4},"end":{"line":9,"column":29}}]},"4":{"type":"branch","line":10,"loc":{"start":{"line":10,"column":4},"end":{"line":11,"column":59}},"locations":[{"start":{"line":10,"column":4},"end":{"line":11,"column":59}}]}},"b":{"0":[14],"1":[8],"2":[6],"3":[6],"4":[0]},"fnMap":{"0":{"name":"default","decl":{"start":{"line":3,"column":15},"end":{"line":13,"column":2}},"loc":{"start":{"line":3,"column":15},"end":{"line":13,"column":2}},"line":3}},"f":{"0":14}}
,"/mnt/c/Users/pvs01/Desktop/r/frontend-project-46/src/formattersFiles/index.js": {"path":"/mnt/c/Users/pvs01/Desktop/r/frontend-project-46/src/formattersFiles/index.js","all":false,"statementMap":{"0":{"start":{"line":1,"column":0},"end":{"line":1,"column":35}},"1":{"start":{"line":2,"column":0},"end":{"line":2,"column":31}},"2":{"start":{"line":3,"column":0},"end":{"line":3,"column":0}},"3":{"start":{"line":4,"column":0},"end":{"line":4,"column":42}},"4":{"start":{"line":5,"column":0},"end":{"line":5,"column":19}},"5":{"start":{"line":6,"column":0},"end":{"line":6,"column":19}},"6":{"start":{"line":7,"column":0},"end":{"line":7,"column":27}},"7":{"start":{"line":8,"column":0},"end":{"line":8,"column":17}},"8":{"start":{"line":9,"column":0},"end":{"line":9,"column":25}},"9":{"start":{"line":10,"column":0},"end":{"line":10,"column":16}},"10":{"start":{"line":11,"column":0},"end":{"line":11,"column":34}},"11":{"start":{"line":12,"column":0},"end":{"line":12,"column":12}},"12":{"start":{"line":13,"column":0},"end":{"line":13,"column":59}},"13":{"start":{"line":14,"column":0},"end":{"line":14,"column":3}},"14":{"start":{"line":15,"column":0},"end":{"line":15,"column":2}},"15":{"start":{"line":16,"column":0},"end":{"line":16,"column":0}},"16":{"start":{"line":17,"column":0},"end":{"line":17,"column":30}}},"s":{"0":1,"1":1,"2":1,"3":1,"4":7,"5":7,"6":3,"7":7,"8":2,"9":7,"10":2,"11":7,"12":0,"13":7,"14":7,"15":1,"16":1},"branchMap":{"0":{"type":"branch","line":4,"loc":{"start":{"line":4,"column":23},"end":{"line":15,"column":2}},"locations":[{"start":{"line":4,"column":23},"end":{"line":15,"column":2}}]},"1":{"type":"branch","line":6,"loc":{"start":{"line":6,"column":4},"end":{"line":7,"column":27}},"locations":[{"start":{"line":6,"column":4},"end":{"line":7,"column":27}}]},"2":{"type":"branch","line":8,"loc":{"start":{"line":8,"column":4},"end":{"line":9,"column":25}},"locations":[{"start":{"line":8,"column":4},"end":{"line":9,"column":25}}]},"3":{"type":"branch","line":10,"loc":{"start":{"line":10,"column":4},"end":{"line":11,"column":34}},"locations":[{"start":{"line":10,"column":4},"end":{"line":11,"column":34}}]},"4":{"type":"branch","line":12,"loc":{"start":{"line":12,"column":4},"end":{"line":13,"column":59}},"locations":[{"start":{"line":12,"column":4},"end":{"line":13,"column":59}}]}},"b":{"0":[7],"1":[3],"2":[2],"3":[2],"4":[0]},"fnMap":{"0":{"name":"formattersFunc","decl":{"start":{"line":4,"column":23},"end":{"line":15,"column":2}},"loc":{"start":{"line":4,"column":23},"end":{"line":15,"column":2}},"line":4}},"f":{"0":7}}
,"/mnt/c/Users/pvs01/Desktop/r/frontend-project-46/src/formattersFiles/plain.js": {"path":"/mnt/c/Users/pvs01/Desktop/r/frontend-project-46/src/formattersFiles/plain.js","all":false,"statementMap":{"0":{"start":{"line":1,"column":0},"end":{"line":1,"column":30}},"1":{"start":{"line":2,"column":0},"end":{"line":2,"column":34}},"2":{"start":{"line":3,"column":0},"end":{"line":3,"column":24}},"3":{"start":{"line":4,"column":0},"end":{"line":4,"column":3}},"4":{"start":{"line":5,"column":0},"end":{"line":5,"column":52}},"5":{"start":{"line":6,"column":0},"end":{"line":6,"column":29}},"6":{"start":{"line":7,"column":0},"end":{"line":7,"column":3}},"7":{"start":{"line":8,"column":0},"end":{"line":8,"column":15}},"8":{"start":{"line":9,"column":0},"end":{"line":9,"column":2}},"9":{"start":{"line":10,"column":0},"end":{"line":10,"column":0}},"10":{"start":{"line":11,"column":0},"end":{"line":11,"column":31}},"11":{"start":{"line":12,"column":0},"end":{"line":12,"column":50}},"12":{"start":{"line":13,"column":0},"end":{"line":13,"column":38}},"13":{"start":{"line":14,"column":0},"end":{"line":14,"column":74}},"14":{"start":{"line":15,"column":0},"end":{"line":15,"column":0}},"15":{"start":{"line":16,"column":0},"end":{"line":16,"column":26}},"16":{"start":{"line":17,"column":0},"end":{"line":17,"column":22}},"17":{"start":{"line":18,"column":0},"end":{"line":18,"column":56}},"18":{"start":{"line":19,"column":0},"end":{"line":19,"column":21}},"19":{"start":{"line":20,"column":0},"end":{"line":20,"column":88}},"20":{"start":{"line":21,"column":0},"end":{"line":21,"column":23}},"21":{"start":{"line":22,"column":0},"end":{"line":22,"column":53}},"22":{"start":{"line":23,"column":0},"end":{"line":23,"column":23}},"23":{"start":{"line":24,"column":0},"end":{"line":24,"column":114}},"24":{"start":{"line":25,"column":0},"end":{"line":25,"column":25}},"25":{"start":{"line":26,"column":0},"end":{"line":26,"column":22}},"26":{"start":{"line":27,"column":0},"end":{"line":27,"column":16}},"27":{"start":{"line":28,"column":0},"end":{"line":28,"column":64}},"28":{"start":{"line":29,"column":0},"end":{"line":29,"column":7}},"29":{"start":{"line":30,"column":0},"end":{"line":30,"column":7}},"30":{"start":{"line":31,"column":0},"end":{"line":31,"column":0}},"31":{"start":{"line":32,"column":0},"end":{"line":32,"column":44}},"32":{"start":{"line":33,"column":0},"end":{"line":33,"column":4}},"33":{"start":{"line":34,"column":0},"end":{"line":34,"column":33}},"34":{"start":{"line":35,"column":0},"end":{"line":35,"column":2}},"35":{"start":{"line":36,"column":0},"end":{"line":36,"column":0}},"36":{"start":{"line":37,"column":0},"end":{"line":37,"column":27}}},"s":{"0":1,"1":26,"2":14,"3":14,"4":26,"5":6,"6":6,"7":6,"8":6,"9":1,"10":1,"11":2,"12":10,"13":36,"14":36,"15":36,"16":36,"17":8,"18":36,"19":10,"20":36,"21":4,"22":36,"23":8,"24":36,"25":6,"26":36,"27":0,"28":36,"29":10,"30":10,"31":10,"32":2,"33":2,"34":2,"35":1,"36":1},"branchMap":{"0":{"type":"branch","line":1,"loc":{"start":{"line":1,"column":19},"end":{"line":9,"column":2}},"locations":[{"start":{"line":1,"column":19},"end":{"line":9,"column":2}}]},"1":{"type":"branch","line":2,"loc":{"start":{"line":2,"column":33},"end":{"line":4,"column":3}},"locations":[{"start":{"line":2,"column":33},"end":{"line":4,"column":3}}]},"2":{"type":"branch","line":4,"loc":{"start":{"line":4,"column":2},"end":{"line":5,"column":35}},"locations":[{"start":{"line":4,"column":2},"end":{"line":5,"column":35}}]},"3":{"type":"branch","line":5,"loc":{"start":{"line":5,"column":31},"end":{"line":5,"column":49}},"locations":[{"start":{"line":5,"column":31},"end":{"line":5,"column":49}}]},"4":{"type":"branch","line":5,"loc":{"start":{"line":5,"column":51},"end":{"line":9,"column":2}},"locations":[{"start":{"line":5,"column":51},"end":{"line":9,"column":2}}]},"5":{"type":"branch","line":11,"loc":{"start":{"line":11,"column":21},"end":{"line":35,"column":2}},"locations":[{"start":{"line":11,"column":21},"end":{"line":35,"column":2}}]},"6":{"type":"branch","line":12,"loc":{"start":{"line":12,"column":28},"end":{"line":33,"column":3}},"locations":[{"start":{"line":12,"column":28},"end":{"line":33,"column":3}}]},"7":{"type":"branch","line":13,"loc":{"start":{"line":13,"column":28},"end":{"line":30,"column":5}},"locations":[{"start":{"line":13,"column":28},"end":{"line":30,"column":5}}]},"8":{"type":"branch","line":14,"loc":{"start":{"line":14,"column":33},"end":{"line":14,"column":49}},"locations":[{"start":{"line":14,"column":33},"end":{"line":14,"column":49}}]},"9":{"type":"branch","line":14,"loc":{"start":{"line":14,"column":49},"end":{"line":14,"column":73}},"locations":[{"start":{"line":14,"column":49},"end":{"line":14,"column":73}}]},"10":{"type":"branch","line":17,"loc":{"start":{"line":17,"column":8},"end":{"line":18,"column":56}},"locations":[{"start":{"line":17,"column":8},"end":{"line":18,"column":56}}]},"11":{"type":"branch","line":19,"loc":{"start":{"line":19,"column":8},"end":{"line":20,"column":88}},"locations":[{"start":{"line":19,"column":8},"end":{"line":20,"column":88}}]},"12":{"type":"branch","line":21,"loc":{"start":{"line":21,"column":8},"end":{"line":22,"column":53}},"locations":[{"start":{"line":21,"column":8},"end":{"line":22,"column":53}}]},"13":{"type":"branch","line":23,"loc":{"start":{"line":23,"column":8},"end":{"line":24,"column":114}},"locations":[{"start":{"line":23,"column":8},"end":{"line":24,"column":114}}]},"14":{"type":"branch","line":25,"loc":{"start":{"line":25,"column":8},"end":{"line":26,"column":22}},"locations":[{"start":{"line":25,"column":8},"end":{"line":26,"column":22}}]},"15":{"type":"branch","line":27,"loc":{"start":{"line":27,"column":8},"end":{"line":28,"column":64}},"locations":[{"start":{"line":27,"column":8},"end":{"line":28,"column":64}}]}},"b":{"0":[26],"1":[14],"2":[12],"3":[8],"4":[6],"5":[2],"6":[10],"7":[36],"8":[8],"9":[28],"10":[8],"11":[10],"12":[4],"13":[8],"14":[6],"15":[0]},"fnMap":{"0":{"name":"stringify","decl":{"start":{"line":1,"column":19},"end":{"line":9,"column":2}},"loc":{"start":{"line":1,"column":19},"end":{"line":9,"column":2}},"line":1},"1":{"name":"formatPlain","decl":{"start":{"line":11,"column":21},"end":{"line":35,"column":2}},"loc":{"start":{"line":11,"column":21},"end":{"line":35,"column":2}},"line":11},"2":{"name":"generateDiffLines","decl":{"start":{"line":12,"column":28},"end":{"line":33,"column":3}},"loc":{"start":{"line":12,"column":28},"end":{"line":33,"column":3}},"line":12}},"f":{"0":26,"1":2,"2":10}}
,"/mnt/c/Users/pvs01/Desktop/r/frontend-project-46/src/formattersFiles/stylish.js": {"path":"/mnt/c/Users/pvs01/Desktop/r/frontend-project-46/src/formattersFiles/stylish.js","all":false,"statementMap":{"0":{"start":{"line":1,"column":0},"end":{"line":1,"column":23}},"1":{"start":{"line":2,"column":0},"end":{"line":2,"column":0}},"2":{"start":{"line":3,"column":0},"end":{"line":3,"column":21}},"3":{"start":{"line":4,"column":0},"end":{"line":4,"column":21}},"4":{"start":{"line":5,"column":0},"end":{"line":5,"column":26}},"5":{"start":{"line":6,"column":0},"end":{"line":6,"column":0}},"6":{"start":{"line":7,"column":0},"end":{"line":7,"column":69}},"7":{"start":{"line":8,"column":0},"end":{"line":8,"column":0}},"8":{"start":{"line":9,"column":0},"end":{"line":9,"column":36}},"9":{"start":{"line":10,"column":0},"end":{"line":10,"column":31}},"10":{"start":{"line":11,"column":0},"end":{"line":11,"column":24}},"11":{"start":{"line":12,"column":0},"end":{"line":12,"column":3}},"12":{"start":{"line":13,"column":0},"end":{"line":13,"column":22}},"13":{"start":{"line":14,"column":0},"end":{"line":14,"column":18}},"14":{"start":{"line":15,"column":0},"end":{"line":15,"column":92}},"15":{"start":{"line":16,"column":0},"end":{"line":16,"column":71}},"16":{"start":{"line":17,"column":0},"end":{"line":17,"column":2}},"17":{"start":{"line":18,"column":0},"end":{"line":18,"column":0}},"18":{"start":{"line":19,"column":0},"end":{"line":19,"column":44}},"19":{"start":{"line":20,"column":0},"end":{"line":20,"column":29}},"20":{"start":{"line":21,"column":0},"end":{"line":21,"column":6}},"21":{"start":{"line":22,"column":0},"end":{"line":22,"column":39}},"22":{"start":{"line":23,"column":0},"end":{"line":23,"column":11}},"23":{"start":{"line":24,"column":0},"end":{"line":24,"column":21}},"24":{"start":{"line":25,"column":0},"end":{"line":25,"column":22}},"25":{"start":{"line":26,"column":0},"end":{"line":26,"column":134}},"26":{"start":{"line":27,"column":0},"end":{"line":27,"column":21}},"27":{"start":{"line":28,"column":0},"end":{"line":28,"column":75}},"28":{"start":{"line":29,"column":0},"end":{"line":29,"column":23}},"29":{"start":{"line":30,"column":0},"end":{"line":30,"column":75}},"30":{"start":{"line":31,"column":0},"end":{"line":31,"column":25}},"31":{"start":{"line":32,"column":0},"end":{"line":32,"column":75}},"32":{"start":{"line":33,"column":0},"end":{"line":33,"column":23}},"33":{"start":{"line":34,"column":0},"end":{"line":34,"column":18}},"34":{"start":{"line":35,"column":0},"end":{"line":35,"column":71}},"35":{"start":{"line":36,"column":0},"end":{"line":36,"column":71}},"36":{"start":{"line":37,"column":0},"end":{"line":37,"column":12}},"37":{"start":{"line":38,"column":0},"end":{"line":38,"column":16}},"38":{"start":{"line":39,"column":0},"end":{"line":39,"column":59}},"39":{"start":{"line":40,"column":0},"end":{"line":40,"column":7}},"40":{"start":{"line":41,"column":0},"end":{"line":41,"column":6}},"41":{"start":{"line":42,"column":0},"end":{"line":42,"column":4}},"42":{"start":{"line":43,"column":0},"end":{"line":43,"column":15}},"43":{"start":{"line":44,"column":0},"end":{"line":44,"column":2}},"44":{"start":{"line":45,"column":0},"end":{"line":45,"column":0}},"45":{"start":{"line":46,"column":0},"end":{"line":46,"column":67}}},"s":{"0":1,"1":1,"2":1,"3":1,"4":1,"5":1,"6":1,"7":1,"8":1,"9":81,"10":60,"11":60,"12":21,"13":21,"14":21,"15":21,"16":21,"17":1,"18":1,"19":15,"20":15,"21":54,"22":54,"23":54,"24":54,"25":12,"26":54,"27":15,"28":54,"29":6,"30":54,"31":9,"32":54,"33":12,"34":12,"35":12,"36":12,"37":54,"38":0,"39":54,"40":15,"41":15,"42":15,"43":15,"44":1,"45":1},"branchMap":{"0":{"type":"branch","line":7,"loc":{"start":{"line":7,"column":19},"end":{"line":7,"column":68}},"locations":[{"start":{"line":7,"column":19},"end":{"line":7,"column":68}}]},"1":{"type":"branch","line":9,"loc":{"start":{"line":9,"column":18},"end":{"line":17,"column":2}},"locations":[{"start":{"line":9,"column":18},"end":{"line":17,"column":2}}]},"2":{"type":"branch","line":10,"loc":{"start":{"line":10,"column":30},"end":{"line":12,"column":3}},"locations":[{"start":{"line":10,"column":30},"end":{"line":12,"column":3}}]},"3":{"type":"branch","line":12,"loc":{"start":{"line":12,"column":2},"end":{"line":17,"column":2}},"locations":[{"start":{"line":12,"column":2},"end":{"line":17,"column":2}}]},"4":{"type":"branch","line":15,"loc":{"start":{"line":15,"column":9},"end":{"line":15,"column":90}},"locations":[{"start":{"line":15,"column":9},"end":{"line":15,"column":90}}]},"5":{"type":"branch","line":19,"loc":{"start":{"line":19,"column":22},"end":{"line":44,"column":2}},"locations":[{"start":{"line":19,"column":22},"end":{"line":44,"column":2}}]},"6":{"type":"branch","line":21,"loc":{"start":{"line":21,"column":4},"end":{"line":41,"column":5}},"locations":[{"start":{"line":21,"column":4},"end":{"line":41,"column":5}}]},"7":{"type":"branch","line":25,"loc":{"start":{"line":25,"column":8},"end":{"line":26,"column":134}},"locations":[{"start":{"line":25,"column":8},"end":{"line":26,"column":134}}]},"8":{"type":"branch","line":27,"loc":{"start":{"line":27,"column":8},"end":{"line":28,"column":75}},"locations":[{"start":{"line":27,"column":8},"end":{"line":28,"column":75}}]},"9":{"type":"branch","line":29,"loc":{"start":{"line":29,"column":8},"end":{"line":30,"column":75}},"locations":[{"start":{"line":29,"column":8},"end":{"line":30,"column":75}}]},"10":{"type":"branch","line":31,"loc":{"start":{"line":31,"column":8},"end":{"line":32,"column":75}},"locations":[{"start":{"line":31,"column":8},"end":{"line":32,"column":75}}]},"11":{"type":"branch","line":33,"loc":{"start":{"line":33,"column":8},"end":{"line":37,"column":12}},"locations":[{"start":{"line":33,"column":8},"end":{"line":37,"column":12}}]},"12":{"type":"branch","line":38,"loc":{"start":{"line":38,"column":8},"end":{"line":39,"column":59}},"locations":[{"start":{"line":38,"column":8},"end":{"line":39,"column":59}}]},"13":{"type":"branch","line":46,"loc":{"start":{"line":46,"column":16},"end":{"line":46,"column":66}},"locations":[{"start":{"line":46,"column":16},"end":{"line":46,"column":66}}]}},"b":{"0":[126],"1":[81],"2":[60],"3":[21],"4":[27],"5":[15],"6":[54],"7":[12],"8":[15],"9":[6],"10":[9],"11":[12],"12":[0],"13":[3]},"fnMap":{"0":{"name":"getIndent","decl":{"start":{"line":7,"column":19},"end":{"line":7,"column":68}},"loc":{"start":{"line":7,"column":19},"end":{"line":7,"column":68}},"line":7},"1":{"name":"stringify","decl":{"start":{"line":9,"column":18},"end":{"line":17,"column":2}},"loc":{"start":{"line":9,"column":18},"end":{"line":17,"column":2}},"line":9},"2":{"name":"formatStylish","decl":{"start":{"line":19,"column":22},"end":{"line":44,"column":2}},"loc":{"start":{"line":19,"column":22},"end":{"line":44,"column":2}},"line":19},"3":{"name":"default","decl":{"start":{"line":46,"column":16},"end":{"line":46,"column":66}},"loc":{"start":{"line":46,"column":16},"end":{"line":46,"column":66}},"line":46}},"f":{"0":126,"1":81,"2":15,"3":3}}
}
