TN:
SF:src/difFunc.js
FN:3,(anonymous_0)
FN:5,(anonymous_1)
FNF:2
FNH:2
FNDA:15,(anonymous_0)
FNDA:54,(anonymous_1)
DA:3,1
DA:4,15
DA:5,15
DA:6,54
DA:7,12
DA:10,42
DA:11,6
DA:18,36
DA:19,15
DA:26,21
DA:27,12
DA:35,9
DA:36,9
DA:43,15
LF:14
LH:14
BRDA:6,0,0,12
BRDA:6,0,1,42
BRDA:6,1,0,54
BRDA:6,1,1,18
BRDA:10,2,0,6
BRDA:10,2,1,36
BRDA:10,3,0,42
BRDA:10,3,1,27
BRDA:18,4,0,15
BRDA:18,4,1,21
BRDA:18,5,0,36
BRDA:18,5,1,15
BRDA:26,6,0,12
BRDA:26,6,1,9
BRDA:35,7,0,9
BRDA:35,7,1,0
BRF:16
BRH:15
end_of_record
TN:
SF:src/index.js
FN:8,(anonymous_0)
FNF:1
FNH:1
FNDA:3,(anonymous_0)
DA:8,1
DA:9,3
DA:10,3
DA:11,3
LF:4
LH:4
BRDA:8,0,0,3
BRF:1
BRH:1
end_of_record
TN:
SF:src/parser.js
FN:3,(anonymous_0)
FNF:1
FNH:1
FNDA:6,(anonymous_0)
DA:4,6
DA:6,2
DA:9,4
DA:11,0
LF:4
LH:3
BRDA:4,0,0,2
BRDA:4,0,1,4
BRDA:4,0,2,4
BRDA:4,0,3,0
BRF:4
BRH:3
end_of_record
TN:
SF:src/formattersFiles/index.js
FN:4,(anonymous_0)
FNF:1
FNH:1
FNDA:3,(anonymous_0)
DA:4,1
DA:5,3
DA:7,3
DA:9,0
DA:11,0
DA:13,0
LF:6
LH:3
BRDA:5,0,0,3
BRDA:5,0,1,0
BRDA:5,0,2,0
BRDA:5,0,3,0
BRF:4
BRH:1
end_of_record
TN:
SF:src/formattersFiles/plain.js
FN:1,(anonymous_0)
FN:11,(anonymous_1)
FN:12,(anonymous_2)
FN:13,(anonymous_3)
FNF:4
FNH:0
FNDA:0,(anonymous_0)
FNDA:0,(anonymous_1)
FNDA:0,(anonymous_2)
FNDA:0,(anonymous_3)
DA:1,1
DA:2,0
DA:3,0
DA:5,0
DA:6,0
DA:8,0
DA:11,1
DA:12,0
DA:13,0
DA:14,0
DA:16,0
DA:18,0
DA:20,0
DA:22,0
DA:24,0
DA:26,0
DA:28,0
DA:32,0
DA:34,0
LF:19
LH:2
BRDA:2,0,0,0
BRDA:2,0,1,0
BRDA:5,1,0,0
BRDA:5,1,1,0
BRDA:5,2,0,0
BRDA:5,2,1,0
BRDA:12,3,0,0
BRDA:14,4,0,0
BRDA:14,4,1,0
BRDA:16,5,0,0
BRDA:16,5,1,0
BRDA:16,5,2,0
BRDA:16,5,3,0
BRDA:16,5,4,0
BRDA:16,5,5,0
BRF:15
BRH:0
end_of_record
TN:
SF:src/formattersFiles/stylish.js
FN:7,(anonymous_0)
FN:9,(anonymous_1)
FN:15,(anonymous_2)
FN:19,(anonymous_3)
FN:21,(anonymous_4)
FN:46,(anonymous_5)
FNF:6
FNH:6
FNDA:126,(anonymous_0)
FNDA:81,(anonymous_1)
FNDA:27,(anonymous_2)
FNDA:15,(anonymous_3)
FNDA:54,(anonymous_4)
FNDA:3,(anonymous_5)
DA:3,1
DA:4,1
DA:5,1
DA:7,126
DA:9,1
DA:10,81
DA:11,60
DA:13,21
DA:15,27
DA:16,21
DA:19,1
DA:20,15
DA:24,54
DA:26,12
DA:28,15
DA:30,6
DA:32,9
DA:34,12
DA:39,0
DA:43,15
DA:46,3
LF:21
LH:20
BRDA:10,0,0,60
BRDA:10,0,1,21
BRDA:19,1,0,3
BRDA:24,2,0,12
BRDA:24,2,1,15
BRDA:24,2,2,6
BRDA:24,2,3,9
BRDA:24,2,4,12
BRDA:24,2,5,0
BRF:9
BRH:8
end_of_record
