TN:
SF:src/buildDiffTree.js
FN:3,buildDiffTree
FNF:1
FNH:1
FNDA:35,buildDiffTree
DA:1,1
DA:2,1
DA:3,1
DA:4,35
DA:5,35
DA:6,126
DA:7,126
DA:8,28
DA:9,126
DA:10,14
DA:11,14
DA:12,14
DA:13,14
DA:14,14
DA:15,126
DA:16,35
DA:17,35
DA:18,35
DA:19,35
DA:20,35
DA:21,126
DA:22,28
DA:23,28
DA:24,28
DA:25,28
DA:26,28
DA:27,28
DA:28,126
DA:29,21
DA:30,21
DA:31,21
DA:32,21
DA:33,21
DA:34,126
DA:35,0
DA:36,126
DA:37,35
DA:38,35
DA:39,35
DA:40,1
DA:41,1
LF:41
LH:40
BRDA:3,0,0,35
BRDA:5,1,0,126
BRDA:7,2,0,28
BRDA:7,3,0,42
BRDA:9,4,0,14
BRDA:15,5,0,35
BRDA:21,6,0,28
BRDA:28,7,0,21
BRDA:34,8,0,0
BRF:9
BRH:8
end_of_record
TN:
SF:src/index.js
FN:8,genDiff
FNF:1
FNH:1
FNDA:7,genDiff
DA:1,1
DA:2,1
DA:3,1
DA:4,1
DA:5,1
DA:6,1
DA:7,1
DA:8,1
DA:9,7
DA:10,7
DA:11,7
DA:12,7
DA:13,1
DA:14,1
LF:14
LH:14
BRDA:8,0,0,7
BRF:1
BRH:1
end_of_record
TN:
SF:src/parser.js
FN:3,default
FNF:1
FNH:1
FNDA:14,default
DA:1,1
DA:2,1
DA:3,1
DA:4,14
DA:5,14
DA:6,8
DA:7,14
DA:8,14
DA:9,6
DA:10,14
DA:11,0
DA:12,14
DA:13,14
LF:13
LH:12
BRDA:3,0,0,14
BRDA:5,1,0,8
BRDA:7,2,0,6
BRDA:8,3,0,6
BRDA:10,4,0,0
BRF:5
BRH:4
end_of_record
TN:
SF:src/formattersFiles/index.js
FN:4,formattersFunc
FNF:1
FNH:1
FNDA:7,formattersFunc
DA:1,1
DA:2,1
DA:3,1
DA:4,1
DA:5,7
DA:6,7
DA:7,3
DA:8,7
DA:9,2
DA:10,7
DA:11,2
DA:12,7
DA:13,0
DA:14,7
DA:15,7
DA:16,1
DA:17,1
LF:17
LH:16
BRDA:4,0,0,7
BRDA:6,1,0,3
BRDA:8,2,0,2
BRDA:10,3,0,2
BRDA:12,4,0,0
BRF:5
BRH:4
end_of_record
TN:
SF:src/formattersFiles/plain.js
FN:1,stringify
FN:11,formatPlain
FN:12,generateDiffLines
FNF:3
FNH:3
FNDA:26,stringify
FNDA:2,formatPlain
FNDA:10,generateDiffLines
DA:1,1
DA:2,26
DA:3,14
DA:4,14
DA:5,26
DA:6,6
DA:7,6
DA:8,6
DA:9,6
DA:10,1
DA:11,1
DA:12,2
DA:13,10
DA:14,36
DA:15,36
DA:16,36
DA:17,36
DA:18,8
DA:19,36
DA:20,10
DA:21,36
DA:22,4
DA:23,36
DA:24,8
DA:25,36
DA:26,6
DA:27,36
DA:28,0
DA:29,36
DA:30,10
DA:31,10
DA:32,10
DA:33,2
DA:34,2
DA:35,2
DA:36,1
DA:37,1
LF:37
LH:36
BRDA:1,0,0,26
BRDA:2,1,0,14
BRDA:4,2,0,12
BRDA:5,3,0,8
BRDA:5,4,0,6
BRDA:11,5,0,2
BRDA:12,6,0,10
BRDA:13,7,0,36
BRDA:14,8,0,8
BRDA:14,9,0,28
BRDA:17,10,0,8
BRDA:19,11,0,10
BRDA:21,12,0,4
BRDA:23,13,0,8
BRDA:25,14,0,6
BRDA:27,15,0,0
BRF:16
BRH:15
end_of_record
TN:
SF:src/formattersFiles/stylish.js
FN:7,getIndent
FN:9,stringify
FN:19,formatStylish
FN:46,default
FNF:4
FNH:4
FNDA:126,getIndent
FNDA:81,stringify
FNDA:15,formatStylish
FNDA:3,default
DA:1,1
DA:2,1
DA:3,1
DA:4,1
DA:5,1
DA:6,1
DA:7,1
DA:8,1
DA:9,1
DA:10,81
DA:11,60
DA:12,60
DA:13,21
DA:14,21
DA:15,21
DA:16,21
DA:17,21
DA:18,1
DA:19,1
DA:20,15
DA:21,15
DA:22,54
DA:23,54
DA:24,54
DA:25,54
DA:26,12
DA:27,54
DA:28,15
DA:29,54
DA:30,6
DA:31,54
DA:32,9
DA:33,54
DA:34,12
DA:35,12
DA:36,12
DA:37,12
DA:38,54
DA:39,0
DA:40,54
DA:41,15
DA:42,15
DA:43,15
DA:44,15
DA:45,1
DA:46,1
LF:46
LH:45
BRDA:7,0,0,126
BRDA:9,1,0,81
BRDA:10,2,0,60
BRDA:12,3,0,21
BRDA:15,4,0,27
BRDA:19,5,0,15
BRDA:21,6,0,54
BRDA:25,7,0,12
BRDA:27,8,0,15
BRDA:29,9,0,6
BRDA:31,10,0,9
BRDA:33,11,0,12
BRDA:38,12,0,0
BRDA:46,13,0,3
BRF:14
BRH:13
end_of_record
